<?xml version="1.0" encoding="UTF-8"?>
<!-- Generated by org.testng.reporters.JUnitXMLReporter -->
<testsuite hostname="attila-pc" ignored="0" name="Add Customer Test" tests="3" failures="0" timestamp="2022-01-11T08:38:34 CET" time="28.773" errors="0">
  <testcase name="addCustomerTest" time="20.663" classname="com.ipa.suite.bankmanager.testcases.AddCustomerTest"/>
  <testcase name="addCustomerTest" time="21.215" classname="com.ipa.suite.bankmanager.testcases.AddCustomerTest"/>
  <testcase name="addCustomerTest" time="25.922" classname="com.ipa.suite.bankmanager.testcases.AddCustomerTest"/>
</testsuite> <!-- Add Customer Test -->
