<?xml version="1.0" encoding="UTF-8"?>
<!-- Generated by org.testng.reporters.JUnitXMLReporter -->
<testsuite hostname="attila-pc" ignored="0" name="OpenAccountTest" tests="3" failures="0" timestamp="2022-01-11T08:38:37 CET" time="31.478" errors="0">
  <testcase name="openAccountTest" time="18.584" classname="com.ipa.suite.bankmanager.testcases.OpenAccountTest"/>
  <testcase name="openAccountTest" time="20.215" classname="com.ipa.suite.bankmanager.testcases.OpenAccountTest"/>
  <testcase name="openAccountTest" time="29.326" classname="com.ipa.suite.bankmanager.testcases.OpenAccountTest"/>
</testsuite> <!-- OpenAccountTest -->
