<?xml version="1.0" encoding="UTF-8"?>
<!-- Generated by org.testng.reporters.JUnitXMLReporter -->
<testsuite hostname="attila-pc" ignored="0" name="Add Customer Test" tests="3" failures="0" timestamp="11 jan. 2022 07:40:03 GMT" time="30.759" errors="0">
  <testcase name="addCustomerTest" time="17.029" classname="com.ipa.suite.bankmanager.testcases.AddCustomerTest"/>
  <testcase name="addCustomerTest" time="19.733" classname="com.ipa.suite.bankmanager.testcases.AddCustomerTest"/>
  <testcase name="addCustomerTest" time="27.772" classname="com.ipa.suite.bankmanager.testcases.AddCustomerTest"/>
</testsuite> <!-- Add Customer Test -->
