<?xml version="1.0" encoding="UTF-8"?>
<!-- Generated by org.testng.reporters.JUnitXMLReporter -->
<testsuite hostname="attila-pc" ignored="0" name="OpenAccountTest" tests="3" failures="0" timestamp="11 jan. 2022 07:40:03 GMT" time="30.643" errors="0">
  <testcase name="openAccountTest" time="14.467" classname="com.ipa.suite.bankmanager.testcases.OpenAccountTest"/>
  <testcase name="openAccountTest" time="22.071" classname="com.ipa.suite.bankmanager.testcases.OpenAccountTest"/>
  <testcase name="openAccountTest" time="27.618" classname="com.ipa.suite.bankmanager.testcases.OpenAccountTest"/>
</testsuite> <!-- OpenAccountTest -->
