<?xml version="1.0" encoding="UTF-8"?>
<testsuite name="TestSuite" time="32.993" tests="6" errors="0" skipped="0" failures="0">
  <properties>
[...]
</properties>
  <testcase name="openAccountTest" classname="com.ipa.suite.bankmanager.testcases.OpenAccountTest" time="15.904"/>
  <testcase name="openAccountTest" classname="com.ipa.suite.bankmanager.testcases.OpenAccountTest" time="22.146"/>
  <testcase name="openAccountTest" classname="com.ipa.suite.bankmanager.testcases.OpenAccountTest" time="27.657"/>
  <testcase name="addCustomerTest" classname="com.ipa.suite.bankmanager.testcases.AddCustomerTest" time="17.089"/>
  <testcase name="addCustomerTest" classname="com.ipa.suite.bankmanager.testcases.AddCustomerTest" time="19.854"/>
  <testcase name="addCustomerTest" classname="com.ipa.suite.bankmanager.testcases.AddCustomerTest" time="27.821"/>
</testsuite>